
====== START ORIO: server2020-01-11_19:42:21 ======

----- begin reading the source file: tables_orcc.c -----
----- finished reading the source file -----

----- begin parsing annotations -----
----- finished parsing annotations -----

----- begin optimizations -----
Search_Space         = 3.200e+01
Number_of_Parameters = 01
Numeric_Parameters   = 01
Binary_Parameters    = 00
['UF']
[[1, 2, 3, 4, 5, 6, 7, 8, 9, 10, 11, 12, 13, 14, 15, 16, 17, 18, 19, 20, 21, 22, 23, 24, 25, 26, 27, 28, 29, 30, 31, 32]]

----- begin exhaustive search -----
.
 compiling timer:
	cc -O0 -O0 -c -o timer_cpu.o timer_cpu.c
 building the original code:
	cc -O0  -DORIO_REPS=10 -DORIGINAL -o __orio_perftest_original.exe __orio_perftest1.c timer_cpu.o 
 building test:
	cc -O0  -DORIO_REPS=10 -o __orio_perftest1.exe __orio_perftest1.c timer_cpu.o 
 running test:
	 ./__orio_perftest1.exe  
coordinate: [0], average cost: 0.714659444444, all costs: [0.714402, 0.713977, 0.714233, 0.714307, 0.719167, 0.713933, 0.713969, 0.714216, 0.714048, 0.714085], average transfer time: inf
>>>> best coordinate found: [0], average cost: 7.146594e-01, average transfer time: inf
.
 building test:
	cc -O0  -DORIO_REPS=10 -o __orio_perftest2.exe __orio_perftest2.c timer_cpu.o 
 running test:
	 ./__orio_perftest2.exe  
coordinate: [1], average cost: 0.670581555556, all costs: [0.669385, 0.670417, 0.670464, 0.670838, 0.670535, 0.670953, 0.670555, 0.670492, 0.67046, 0.67052], average transfer time: inf
>>>> best coordinate found: [1], average cost: 6.705816e-01, average transfer time: inf
.
 building test:
	cc -O0  -DORIO_REPS=10 -o __orio_perftest3.exe __orio_perftest3.c timer_cpu.o 
 running test:
	 ./__orio_perftest3.exe  
coordinate: [2], average cost: 0.663917666667, all costs: [0.662383, 0.663889, 0.664019, 0.663793, 0.664048, 0.663838, 0.664347, 0.663656, 0.663826, 0.663843], average transfer time: inf
>>>> best coordinate found: [2], average cost: 6.639177e-01, average transfer time: inf
.
 building test:
	cc -O0  -DORIO_REPS=10 -o __orio_perftest4.exe __orio_perftest4.c timer_cpu.o 
 running test:
	 ./__orio_perftest4.exe  
coordinate: [3], average cost: 0.667663444444, all costs: [0.666954, 0.667361, 0.667567, 0.667535, 0.668272, 0.667731, 0.667544, 0.667629, 0.667761, 0.667571], average transfer time: inf
.
 building test:
	cc -O0  -DORIO_REPS=10 -o __orio_perftest5.exe __orio_perftest5.c timer_cpu.o 
 running test:
	 ./__orio_perftest5.exe  
coordinate: [4], average cost: 0.665011666667, all costs: [0.664787, 0.664945, 0.664778, 0.664785, 0.664876, 0.665261, 0.664951, 0.664916, 0.665111, 0.665482], average transfer time: inf
.
 building test:
	cc -O0  -DORIO_REPS=10 -o __orio_perftest6.exe __orio_perftest6.c timer_cpu.o 
 running test:
	 ./__orio_perftest6.exe  
coordinate: [5], average cost: 0.681462555556, all costs: [0.681235, 0.681433, 0.681424, 0.681394, 0.681333, 0.681556, 0.681961, 0.681458, 0.681335, 0.681269], average transfer time: inf
.
 building test:
	cc -O0  -DORIO_REPS=10 -o __orio_perftest7.exe __orio_perftest7.c timer_cpu.o 
 running test:
	 ./__orio_perftest7.exe  
coordinate: [6], average cost: 0.682415222222, all costs: [0.681997, 0.682439, 0.682398, 0.682235, 0.682844, 0.682265, 0.682342, 0.682894, 0.682181, 0.682139], average transfer time: inf
.
 building test:
	cc -O0  -DORIO_REPS=10 -o __orio_perftest8.exe __orio_perftest8.c timer_cpu.o 
 running test:
	 ./__orio_perftest8.exe  
coordinate: [7], average cost: 0.690170333333, all costs: [0.690743, 0.690447, 0.690127, 0.690133, 0.690151, 0.690169, 0.690227, 0.690194, 0.690178, 0.689907], average transfer time: inf
.
 building test:
	cc -O0  -DORIO_REPS=10 -o __orio_perftest9.exe __orio_perftest9.c timer_cpu.o 
 running test:
	 ./__orio_perftest9.exe  
coordinate: [8], average cost: 0.715139555556, all costs: [0.715343, 0.715097, 0.715285, 0.715081, 0.715214, 0.715161, 0.715174, 0.715081, 0.715037, 0.715126], average transfer time: inf
.
 building test:
	cc -O0  -DORIO_REPS=10 -o __orio_perftest10.exe __orio_perftest10.c timer_cpu.o 
 running test:
	 ./__orio_perftest10.exe  
coordinate: [9], average cost: 0.722856222222, all costs: [0.721548, 0.722908, 0.722824, 0.72293, 0.722725, 0.722782, 0.723114, 0.722843, 0.722707, 0.722873], average transfer time: inf
.
 building test:
	cc -O0  -DORIO_REPS=10 -o __orio_perftest11.exe __orio_perftest11.c timer_cpu.o 
 running test:
	 ./__orio_perftest11.exe  
coordinate: [10], average cost: 0.720702555556, all costs: [0.720996, 0.720625, 0.720498, 0.720612, 0.720844, 0.720729, 0.720766, 0.720741, 0.72072, 0.720788], average transfer time: inf
.
 building test:
	cc -O0  -DORIO_REPS=10 -o __orio_perftest12.exe __orio_perftest12.c timer_cpu.o 
 running test:
	 ./__orio_perftest12.exe  
coordinate: [11], average cost: 0.724576777778, all costs: [0.724813, 0.724584, 0.724676, 0.724561, 0.724644, 0.72453, 0.724486, 0.724596, 0.724575, 0.724539], average transfer time: inf
.
 building test:
	cc -O0  -DORIO_REPS=10 -o __orio_perftest13.exe __orio_perftest13.c timer_cpu.o 
 running test:
	 ./__orio_perftest13.exe  
coordinate: [12], average cost: 0.724170888889, all costs: [0.724128, 0.724209, 0.724162, 0.724034, 0.72415, 0.724204, 0.724165, 0.724316, 0.724286, 0.724012], average transfer time: inf
.
 building test:
	cc -O0  -DORIO_REPS=10 -o __orio_perftest14.exe __orio_perftest14.c timer_cpu.o 
 running test:
	 ./__orio_perftest14.exe  
coordinate: [13], average cost: 0.731100333333, all costs: [0.731145, 0.731242, 0.731174, 0.731182, 0.731115, 0.731031, 0.730973, 0.731064, 0.731094, 0.731028], average transfer time: inf
.
 building test:
	cc -O0  -DORIO_REPS=10 -o __orio_perftest15.exe __orio_perftest15.c timer_cpu.o 
 running test:
	 ./__orio_perftest15.exe  
coordinate: [14], average cost: 0.730915777778, all costs: [0.730879, 0.731519, 0.730755, 0.730749, 0.730924, 0.730845, 0.731057, 0.73087, 0.730798, 0.730725], average transfer time: inf
.
 building test:
	cc -O0  -DORIO_REPS=10 -o __orio_perftest16.exe __orio_perftest16.c timer_cpu.o 
 running test:
	 ./__orio_perftest16.exe  
coordinate: [15], average cost: 0.729175777778, all costs: [0.72937, 0.729042, 0.729428, 0.729031, 0.729165, 0.729145, 0.729158, 0.729109, 0.729341, 0.729163], average transfer time: inf
.
 building test:
	cc -O0  -DORIO_REPS=10 -o __orio_perftest17.exe __orio_perftest17.c timer_cpu.o 
 running test:
	 ./__orio_perftest17.exe  
coordinate: [16], average cost: 0.729234444444, all costs: [0.729294, 0.729294, 0.72928, 0.729305, 0.729197, 0.729319, 0.729114, 0.729201, 0.729186, 0.729214], average transfer time: inf
.
 building test:
	cc -O0  -DORIO_REPS=10 -o __orio_perftest18.exe __orio_perftest18.c timer_cpu.o 
 running test:
	 ./__orio_perftest18.exe  
coordinate: [17], average cost: 0.730268111111, all costs: [0.730192, 0.730293, 0.730283, 0.730243, 0.730389, 0.730278, 0.730185, 0.730246, 0.730292, 0.730204], average transfer time: inf
.
 building test:
	cc -O0  -DORIO_REPS=10 -o __orio_perftest19.exe __orio_perftest19.c timer_cpu.o 
 running test:
	 ./__orio_perftest19.exe  
coordinate: [18], average cost: 0.728392555556, all costs: [0.728813, 0.728191, 0.728592, 0.728664, 0.728337, 0.728275, 0.728352, 0.728248, 0.728342, 0.728532], average transfer time: inf
.
 building test:
	cc -O0  -DORIO_REPS=10 -o __orio_perftest20.exe __orio_perftest20.c timer_cpu.o 
 running test:
	 ./__orio_perftest20.exe  
coordinate: [19], average cost: 0.738940888889, all costs: [0.739029, 0.739028, 0.738987, 0.739252, 0.738943, 0.738895, 0.738826, 0.73885, 0.738843, 0.738844], average transfer time: inf
.
 building test:
	cc -O0  -DORIO_REPS=10 -o __orio_perftest21.exe __orio_perftest21.c timer_cpu.o 
 running test:
	 ./__orio_perftest21.exe  
coordinate: [20], average cost: 0.729539666667, all costs: [0.729563, 0.729657, 0.729363, 0.729296, 0.729504, 0.729412, 0.729447, 0.729733, 0.729851, 0.729594], average transfer time: inf
.
 building test:
	cc -O0  -DORIO_REPS=10 -o __orio_perftest22.exe __orio_perftest22.c timer_cpu.o 
 running test:
	 ./__orio_perftest22.exe  
coordinate: [21], average cost: 0.731559222222, all costs: [0.731502, 0.731315, 0.731327, 0.731576, 0.731698, 0.731689, 0.731506, 0.731617, 0.731715, 0.73159], average transfer time: inf
.
 building test:
	cc -O0  -DORIO_REPS=10 -o __orio_perftest23.exe __orio_perftest23.c timer_cpu.o 
 running test:
	 ./__orio_perftest23.exe  
coordinate: [22], average cost: 0.731442111111, all costs: [0.731527, 0.731351, 0.731513, 0.731496, 0.731665, 0.731439, 0.731398, 0.731363, 0.73134, 0.731414], average transfer time: inf
.
 building test:
	cc -O0  -DORIO_REPS=10 -o __orio_perftest24.exe __orio_perftest24.c timer_cpu.o 
 running test:
	 ./__orio_perftest24.exe  
coordinate: [23], average cost: 0.731132666667, all costs: [0.73184, 0.731141, 0.730958, 0.730942, 0.731739, 0.7312, 0.731025, 0.731118, 0.730995, 0.731076], average transfer time: inf
.
 building test:
	cc -O0  -DORIO_REPS=10 -o __orio_perftest25.exe __orio_perftest25.c timer_cpu.o 
 running test:
	 ./__orio_perftest25.exe  
coordinate: [24], average cost: 0.731954444444, all costs: [0.731788, 0.731847, 0.731828, 0.731806, 0.732159, 0.73216, 0.731949, 0.731886, 0.732037, 0.731918], average transfer time: inf
.
 building test:
	cc -O0  -DORIO_REPS=10 -o __orio_perftest26.exe __orio_perftest26.c timer_cpu.o 
 running test:
	 ./__orio_perftest26.exe  
coordinate: [25], average cost: 0.742024777778, all costs: [0.741889, 0.742671, 0.741988, 0.741789, 0.742124, 0.741862, 0.741768, 0.74183, 0.74232, 0.741871], average transfer time: inf
.
 building test:
	cc -O0  -DORIO_REPS=10 -o __orio_perftest27.exe __orio_perftest27.c timer_cpu.o 
 running test:
	 ./__orio_perftest27.exe  
coordinate: [26], average cost: 0.731542555556, all costs: [0.730562, 0.731133, 0.730827, 0.731339, 0.730829, 0.73099, 0.730852, 0.730876, 0.736196, 0.730841], average transfer time: inf
.
 building test:
	cc -O0  -DORIO_REPS=10 -o __orio_perftest28.exe __orio_perftest28.c timer_cpu.o 
 running test:
	 ./__orio_perftest28.exe  
coordinate: [27], average cost: 0.732073777778, all costs: [0.731502, 0.731827, 0.731418, 0.73145, 0.731736, 0.731362, 0.731374, 0.731333, 0.731458, 0.736706], average transfer time: inf
.
 building test:
	cc -O0  -DORIO_REPS=10 -o __orio_perftest29.exe __orio_perftest29.c timer_cpu.o 
 running test:
	 ./__orio_perftest29.exe  
coordinate: [28], average cost: 0.733806444444, all costs: [0.732134, 0.7321, 0.741148, 0.732261, 0.732456, 0.732257, 0.732097, 0.732271, 0.732206, 0.737462], average transfer time: inf
.
 building test:
	cc -O0  -DORIO_REPS=10 -o __orio_perftest30.exe __orio_perftest30.c timer_cpu.o 
 running test:
	 ./__orio_perftest30.exe  
coordinate: [29], average cost: 0.733550555556, all costs: [0.732941, 0.732668, 0.733529, 0.732943, 0.733169, 0.732641, 0.732925, 0.733012, 0.732936, 0.738132], average transfer time: inf
.
 building test:
	cc -O0  -DORIO_REPS=10 -o __orio_perftest31.exe __orio_perftest31.c timer_cpu.o 
 running test:
	 ./__orio_perftest31.exe  
coordinate: [30], average cost: 0.730800888889, all costs: [0.731035, 0.730836, 0.730812, 0.730771, 0.731079, 0.730579, 0.730776, 0.730564, 0.730619, 0.731172], average transfer time: inf
.
 building test:
	cc -O0  -DORIO_REPS=10 -o __orio_perftest32.exe __orio_perftest32.c timer_cpu.o 
 running test:
	 ./__orio_perftest32.exe  
coordinate: [31], average cost: 0.733999, all costs: [0.733097, 0.73275, 0.733208, 0.741388, 0.732966, 0.732762, 0.734514, 0.732652, 0.732943, 0.732808], average transfer time: inf
----- end exhaustive search -----
----- begin summary -----
 best coordinate: [2]={'UF': 3}, cost=6.639177e-01, transfer_time=inf, inputs=[('N', 100000000)], search_time=308.88, runs=0
----- end summary -----
----- finish optimizations -----

----- begin writing the output file(s) -----
--> writing output to: _tables_orcc.c
----- finished writing the output file(s) -----

====== END ORIO: server2020-01-11_19:47:30 [output: _tables_orcc.c, log: tuning_tables_orcc.c_19884.log] ======
