
====== START ORIO: server2020-01-11_19:55:14 ======

----- begin reading the source file: tables_orcc.c -----
----- finished reading the source file -----

----- begin parsing annotations -----
----- finished parsing annotations -----

----- begin optimizations -----
Search_Space         = 3.200e+01
Number_of_Parameters = 01
Numeric_Parameters   = 01
Binary_Parameters    = 00
['UF']
[[1, 2, 3, 4, 5, 6, 7, 8, 9, 10, 11, 12, 13, 14, 15, 16, 17, 18, 19, 20, 21, 22, 23, 24, 25, 26, 27, 28, 29, 30, 31, 32]]

----- begin random search -----
Size of search space: 11
Unevaluated coordinates: 11
Unevaluated parameters: 11
.
 building the original code:
	cc -O0  -DORIO_REPS=10 -DORIGINAL -o __orio_perftest_original.exe __orio_perftest1.c timer_cpu.o 
 building test:
	cc -O0  -DORIO_REPS=10 -o __orio_perftest1.exe __orio_perftest1.c timer_cpu.o 
 running test:
	 ./__orio_perftest1.exe  
(run 1) | {"compile_time": 0.0698690414428711, "run": 1, "cost": [0.717197, 0.717885, 0.718008, 0.718093, 0.71801, 0.717993, 0.718029, 0.718181, 0.717892, 0.717979], "coordinate": [0], "perf_params": {"UF": 1}, "transform_time": 0.09103107452392578}
>>>> best coordinate found: [0], cost: 7.179267e-01
.
 building test:
	cc -O0  -DORIO_REPS=10 -o __orio_perftest2.exe __orio_perftest2.c timer_cpu.o 
 running test:
	 ./__orio_perftest2.exe  
(run 2) | {"compile_time": 0.0793759822845459, "run": 2, "cost": [0.730521, 0.730616, 0.730534, 0.730597, 0.730638, 0.730588, 0.73046, 0.730536, 0.730463, 0.7304], "coordinate": [15], "perf_params": {"UF": 16}, "transform_time": 0.10027003288269043}
.
 building test:
	cc -O0  -DORIO_REPS=10 -o __orio_perftest3.exe __orio_perftest3.c timer_cpu.o 
 running test:
	 ./__orio_perftest3.exe  
(run 3) | {"compile_time": 0.08246612548828125, "run": 3, "cost": [0.729174, 0.734079, 0.730713, 0.728931, 0.72871, 0.728657, 0.728927, 0.728741, 0.728668, 0.728706], "coordinate": [20], "perf_params": {"UF": 21}, "transform_time": 0.10750198364257812}
.
 building test:
	cc -O0  -DORIO_REPS=10 -o __orio_perftest4.exe __orio_perftest4.c timer_cpu.o 
 running test:
	 ./__orio_perftest4.exe  
(run 4) | {"compile_time": 0.0721430778503418, "run": 4, "cost": [0.665863, 0.666342, 0.665854, 0.665687, 0.665893, 0.665917, 0.665739, 0.665775, 0.665883, 0.666112], "coordinate": [3], "perf_params": {"UF": 4}, "transform_time": 0.08869194984436035}
>>>> best coordinate found: [3], cost: 6.659065e-01
.
 building test:
	cc -O0  -DORIO_REPS=10 -o __orio_perftest5.exe __orio_perftest5.c timer_cpu.o 
 running test:
	 ./__orio_perftest5.exe  
(run 5) | {"compile_time": 0.08734798431396484, "run": 5, "cost": [0.731823, 0.731473, 0.736318, 0.739818, 0.731465, 0.731548, 0.731417, 0.731363, 0.731229, 0.731434], "coordinate": [24], "perf_params": {"UF": 25}, "transform_time": 0.11388206481933594}
.
 building test:
	cc -O0  -DORIO_REPS=10 -o __orio_perftest6.exe __orio_perftest6.c timer_cpu.o 
 running test:
	 ./__orio_perftest6.exe  
(run 6) | {"compile_time": 0.09320187568664551, "run": 6, "cost": [0.730236, 0.729298, 0.73449, 0.729594, 0.729605, 0.729376, 0.729189, 0.734693, 0.729594, 0.731119], "coordinate": [26], "perf_params": {"UF": 27}, "transform_time": 0.12425112724304199}
.
 building test:
	cc -O0  -DORIO_REPS=10 -o __orio_perftest7.exe __orio_perftest7.c timer_cpu.o 
 running test:
	 ./__orio_perftest7.exe  
(run 7) | {"compile_time": 0.08869791030883789, "run": 7, "cost": [0.732491, 0.732081, 0.732227, 0.732174, 0.735903, 0.733733, 0.732625, 0.732643, 0.741132, 0.732872], "coordinate": [27], "perf_params": {"UF": 28}, "transform_time": 0.11578607559204102}
.
 building test:
	cc -O0  -DORIO_REPS=10 -o __orio_perftest8.exe __orio_perftest8.c timer_cpu.o 
 running test:
	 ./__orio_perftest8.exe  
(run 8) | {"compile_time": 0.08240985870361328, "run": 8, "cost": [0.731259, 0.731033, 0.730853, 0.731495, 0.730872, 0.73096, 0.730994, 0.730906, 0.730989, 0.731008], "coordinate": [14], "perf_params": {"UF": 15}, "transform_time": 0.10255599021911621}
.
 building test:
	cc -O0  -DORIO_REPS=10 -o __orio_perftest9.exe __orio_perftest9.c timer_cpu.o 
 running test:
	 ./__orio_perftest9.exe  
(run 9) | {"compile_time": 0.07288789749145508, "run": 9, "cost": [0.715392, 0.71573, 0.717816, 0.720883, 0.714464, 0.714216, 0.714472, 0.714224, 0.714236, 0.714499], "coordinate": [8], "perf_params": {"UF": 9}, "transform_time": 0.09702301025390625}
.
 building test:
	cc -O0  -DORIO_REPS=10 -o __orio_perftest10.exe __orio_perftest10.c timer_cpu.o 
 running test:
	 ./__orio_perftest10.exe  
(run 10) | {"compile_time": 0.07791519165039062, "run": 10, "cost": [0.672889, 0.672743, 0.672774, 0.672829, 0.672651, 0.672801, 0.672754, 0.685705, 0.673366, 0.67332], "coordinate": [4], "perf_params": {"UF": 5}, "transform_time": 0.09133291244506836}
Best performance = 0.6659065
Best coordinate = [3]
----- end random search -----
----- begin random search summary -----
 total completed runs: 10
 total successful runs: 10
 total failed runs: 0
 speedup: 1.07811937562
 fount at: 4
----- end random search summary -----
----- begin summary -----
 best coordinate: [3]={'UF': 4}, cost=6.659065e-01, transfer_time=inf, inputs=[('N', 100000000)], search_time=96.49, runs=10
----- end summary -----
----- finish optimizations -----

----- begin writing the output file(s) -----
--> writing output to: _tables_orcc.c
----- finished writing the output file(s) -----

====== END ORIO: server2020-01-11_19:56:51 [output: _tables_orcc.c, log: tuning_tables_orcc.c_20221.log] ======
